Using pre-set license
Built from '2020.2/release' branch; Version is '2020.2.2f1 (068178b99f32) revision 426360'; Using compiler version '192528614'; Build Type 'Release'
OS: 'Windows 10 Home; OS build 19042.746; Version 2009; 64bit' Language: 'nl' Physical Memory: 7977 MB
BatchMode: 1, IsHumanControllingUs: 0, StartBugReporterOnCrash: 0, Is64bit: 1, IsPro: 0

 COMMAND LINE ARGUMENTS:
C:\Program Files\Unity\Hub\Editor\2020.2.2f1\Editor\Unity.exe
-adb2
-batchMode
-noUpm
-name
AssetImportWorker0
-projectPath
D:/Unity Projects/Management/Management Game
-logFile
Logs/AssetImportWorker0.log
-srvPort
63803
Successfully changed project path to: D:/Unity Projects/Management/Management Game
D:/Unity Projects/Management/Management Game
Using Asset Import Pipeline V2.
Refreshing native plugins compatible for Editor in 105.53 ms, found 0 plugins.
Preloading 0 native plugins for Editor in 0.00 ms.
Initialize engine version: 2020.2.2f1 (068178b99f32)
[Subsystems] Discovering subsystems at path C:/Program Files/Unity/Hub/Editor/2020.2.2f1/Editor/Data/Resources/UnitySubsystems
[Subsystems] Discovering subsystems at path D:/Unity Projects/Management/Management Game/Assets
GfxDevice: creating device client; threaded=0
Direct3D:
    Version:  Direct3D 11.0 [level 11.1]
    Renderer: NVIDIA GeForce GTX 1650 (ID=0x1f99)
    Vendor:   
    VRAM:     3962 MB
    Driver:   27.21.14.6109
Initialize mono
Mono path[0] = 'C:/Program Files/Unity/Hub/Editor/2020.2.2f1/Editor/Data/Managed'
Mono path[1] = 'C:/Program Files/Unity/Hub/Editor/2020.2.2f1/Editor/Data/MonoBleedingEdge/lib/mono/unityjit'
Mono config path = 'C:/Program Files/Unity/Hub/Editor/2020.2.2f1/Editor/Data/MonoBleedingEdge/etc'
Using monoOptions --debugger-agent=transport=dt_socket,embedding=1,server=y,suspend=n,address=127.0.0.1:56412
Begin MonoManager ReloadAssembly
Registering precompiled unity dll's ...
Register platform support module: C:/Program Files/Unity/Hub/Editor/2020.2.2f1/Editor/Data/PlaybackEngines/WindowsStandaloneSupport/UnityEditor.WindowsStandalone.Extensions.dll
Registered in 0.004542 seconds.
Native extension for WindowsStandalone target not found
Refreshing native plugins compatible for Editor in 23.70 ms, found 0 plugins.
Preloading 0 native plugins for Editor in 0.00 ms.
Invoked RoslynAnalysisRunner static constructor.
RoslynAnalysisRunner will not be running.
RoslynAnalysisRunner has terminated.
Mono: successfully reloaded assembly
- Completed reload, in  3.600 seconds
Platform modules already initialized, skipping
Registering precompiled user dll's ...
Registered in 0.023719 seconds.
Begin MonoManager ReloadAssembly
Native extension for WindowsStandalone target not found
Refreshing native plugins compatible for Editor in 0.21 ms, found 0 plugins.
Preloading 0 native plugins for Editor in 0.00 ms.
Invoked RoslynAnalysisRunner static constructor.
RoslynAnalysisRunner will not be running.
RoslynAnalysisRunner has terminated.
Mono: successfully reloaded assembly
- Completed reload, in  1.589 seconds
Platform modules already initialized, skipping
========================================================================
Worker process is ready to serve import requests
Launched and connected shader compiler UnityShaderCompiler.exe after 0.07 seconds
Refreshing native plugins compatible for Editor in 0.26 ms, found 0 plugins.
Preloading 0 native plugins for Editor in 0.00 ms.
Unloading 1208 Unused Serialized files (Serialized files now loaded: 0)
System memory in use before: 60.9 MB.
System memory in use after: 61.0 MB.

Unloading 13 unused Assets to reduce memory usage. Loaded Objects now: 1654.
Total: 1.703400 ms (FindLiveObjects: 0.164300 ms CreateObjectMapping: 0.064000 ms MarkObjects: 1.403700 ms  DeleteObjects: 0.069900 ms)

========================================================================
Received Import Request.
  path: Assets/Buildings/Scripts/BuildingDatabase.cs
  artifactKey: Guid(82f3fe2aa272a8a4c8169fe98e321c75) Importer(815301076,1909f56bfc062723c751e8b465ee728b)
Start importing Assets/Buildings/Scripts/BuildingDatabase.cs using Guid(82f3fe2aa272a8a4c8169fe98e321c75) Importer(815301076,1909f56bfc062723c751e8b465ee728b)  -> (artifact id: '6f549edb0cc5a79a70c0f0418f1f48c3') in 0.046702 seconds
  Import took 0.150140 seconds .

========================================================================
Received Prepare
Registering precompiled user dll's ...
Registered in 0.048804 seconds.
Begin MonoManager ReloadAssembly
Native extension for WindowsStandalone target not found
Refreshing native plugins compatible for Editor in 0.26 ms, found 0 plugins.
Preloading 0 native plugins for Editor in 0.00 ms.
Invoked RoslynAnalysisRunner static constructor.
RoslynAnalysisRunner will not be running.
RoslynAnalysisRunner has terminated.
Mono: successfully reloaded assembly
- Completed reload, in  1.699 seconds
Platform modules already initialized, skipping
Refreshing native plugins compatible for Editor in 0.45 ms, found 0 plugins.
Preloading 0 native plugins for Editor in 0.00 ms.
Unloading 1192 Unused Serialized files (Serialized files now loaded: 0)
System memory in use before: 60.1 MB.
System memory in use after: 60.2 MB.

Unloading 4 unused Assets to reduce memory usage. Loaded Objects now: 1656.
Total: 2.434400 ms (FindLiveObjects: 0.254800 ms CreateObjectMapping: 0.121400 ms MarkObjects: 2.036500 ms  DeleteObjects: 0.019300 ms)

========================================================================
Received Prepare
Registering precompiled user dll's ...
Registered in 0.000455 seconds.
Begin MonoManager ReloadAssembly
Native extension for WindowsStandalone target not found
Refreshing native plugins compatible for Editor in 0.23 ms, found 0 plugins.
Preloading 0 native plugins for Editor in 0.00 ms.
Invoked RoslynAnalysisRunner static constructor.
RoslynAnalysisRunner will not be running.
RoslynAnalysisRunner has terminated.
Mono: successfully reloaded assembly
- Completed reload, in  0.753 seconds
Platform modules already initialized, skipping
Refreshing native plugins compatible for Editor in 0.21 ms, found 0 plugins.
Preloading 0 native plugins for Editor in 0.00 ms.
Unloading 1192 Unused Serialized files (Serialized files now loaded: 0)
System memory in use before: 60.3 MB.
System memory in use after: 60.4 MB.

Unloading 4 unused Assets to reduce memory usage. Loaded Objects now: 1658.
Total: 3.770500 ms (FindLiveObjects: 0.302200 ms CreateObjectMapping: 0.107000 ms MarkObjects: 3.325300 ms  DeleteObjects: 0.032000 ms)

========================================================================
Received Prepare
Registering precompiled user dll's ...
Registered in 0.045339 seconds.
Begin MonoManager ReloadAssembly
Native extension for WindowsStandalone target not found
Refreshing native plugins compatible for Editor in 0.21 ms, found 0 plugins.
Preloading 0 native plugins for Editor in 0.00 ms.
Invoked RoslynAnalysisRunner static constructor.
RoslynAnalysisRunner will not be running.
RoslynAnalysisRunner has terminated.
Mono: successfully reloaded assembly
- Completed reload, in  1.512 seconds
Platform modules already initialized, skipping
Refreshing native plugins compatible for Editor in 0.21 ms, found 0 plugins.
Preloading 0 native plugins for Editor in 0.00 ms.
Unloading 1192 Unused Serialized files (Serialized files now loaded: 0)
System memory in use before: 60.4 MB.
System memory in use after: 60.5 MB.

Unloading 4 unused Assets to reduce memory usage. Loaded Objects now: 1660.
Total: 1.663000 ms (FindLiveObjects: 0.242700 ms CreateObjectMapping: 0.079100 ms MarkObjects: 1.327200 ms  DeleteObjects: 0.012800 ms)

========================================================================
Received Prepare
Registering precompiled user dll's ...
Registered in 0.000513 seconds.
Begin MonoManager ReloadAssembly
Native extension for WindowsStandalone target not found
Refreshing native plugins compatible for Editor in 0.21 ms, found 0 plugins.
Preloading 0 native plugins for Editor in 0.00 ms.
Invoked RoslynAnalysisRunner static constructor.
RoslynAnalysisRunner will not be running.
RoslynAnalysisRunner has terminated.
Mono: successfully reloaded assembly
- Completed reload, in  0.718 seconds
Platform modules already initialized, skipping
Refreshing native plugins compatible for Editor in 0.21 ms, found 0 plugins.
Preloading 0 native plugins for Editor in 0.00 ms.
Unloading 1192 Unused Serialized files (Serialized files now loaded: 0)
System memory in use before: 60.6 MB.
System memory in use after: 60.7 MB.

Unloading 4 unused Assets to reduce memory usage. Loaded Objects now: 1662.
Total: 1.857300 ms (FindLiveObjects: 0.134500 ms CreateObjectMapping: 0.041100 ms MarkObjects: 1.665600 ms  DeleteObjects: 0.015000 ms)

========================================================================
Received Prepare
Registering precompiled user dll's ...
Registered in 0.000801 seconds.
Begin MonoManager ReloadAssembly
Native extension for WindowsStandalone target not found
Refreshing native plugins compatible for Editor in 0.23 ms, found 0 plugins.
Preloading 0 native plugins for Editor in 0.00 ms.
Invoked RoslynAnalysisRunner static constructor.
RoslynAnalysisRunner will not be running.
RoslynAnalysisRunner has terminated.
Mono: successfully reloaded assembly
- Completed reload, in  0.773 seconds
Platform modules already initialized, skipping
Refreshing native plugins compatible for Editor in 0.22 ms, found 0 plugins.
Preloading 0 native plugins for Editor in 0.00 ms.
Unloading 1192 Unused Serialized files (Serialized files now loaded: 0)
System memory in use before: 60.7 MB.
System memory in use after: 60.8 MB.

Unloading 4 unused Assets to reduce memory usage. Loaded Objects now: 1664.
Total: 1.796700 ms (FindLiveObjects: 0.250300 ms CreateObjectMapping: 0.093700 ms MarkObjects: 1.436900 ms  DeleteObjects: 0.014200 ms)

========================================================================
Received Prepare
Registering precompiled user dll's ...
Registered in 0.000533 seconds.
Begin MonoManager ReloadAssembly
Native extension for WindowsStandalone target not found
Refreshing native plugins compatible for Editor in 0.38 ms, found 0 plugins.
Preloading 0 native plugins for Editor in 0.00 ms.
Invoked RoslynAnalysisRunner static constructor.
RoslynAnalysisRunner will not be running.
RoslynAnalysisRunner has terminated.
Mono: successfully reloaded assembly
- Completed reload, in  0.726 seconds
Platform modules already initialized, skipping
Refreshing native plugins compatible for Editor in 0.28 ms, found 0 plugins.
Preloading 0 native plugins for Editor in 0.00 ms.
Unloading 1192 Unused Serialized files (Serialized files now loaded: 0)
System memory in use before: 60.8 MB.
System memory in use after: 60.9 MB.

Unloading 4 unused Assets to reduce memory usage. Loaded Objects now: 1666.
Total: 1.615900 ms (FindLiveObjects: 0.157300 ms CreateObjectMapping: 0.038600 ms MarkObjects: 1.407700 ms  DeleteObjects: 0.011200 ms)

========================================================================
Received Prepare
Registering precompiled user dll's ...
Registered in 0.000530 seconds.
Begin MonoManager ReloadAssembly
Native extension for WindowsStandalone target not found
Refreshing native plugins compatible for Editor in 0.23 ms, found 0 plugins.
Preloading 0 native plugins for Editor in 0.00 ms.
Invoked RoslynAnalysisRunner static constructor.
RoslynAnalysisRunner will not be running.
RoslynAnalysisRunner has terminated.
Mono: successfully reloaded assembly
- Completed reload, in  0.740 seconds
Platform modules already initialized, skipping
Refreshing native plugins compatible for Editor in 0.36 ms, found 0 plugins.
Preloading 0 native plugins for Editor in 0.00 ms.
Unloading 1192 Unused Serialized files (Serialized files now loaded: 0)
System memory in use before: 60.9 MB.
System memory in use after: 61.0 MB.

Unloading 4 unused Assets to reduce memory usage. Loaded Objects now: 1668.
Total: 2.829600 ms (FindLiveObjects: 0.230200 ms CreateObjectMapping: 0.076500 ms MarkObjects: 2.494800 ms  DeleteObjects: 0.026100 ms)

========================================================================
Received Prepare
Registering precompiled user dll's ...
Registered in 0.000467 seconds.
Begin MonoManager ReloadAssembly
Native extension for WindowsStandalone target not found
Refreshing native plugins compatible for Editor in 0.21 ms, found 0 plugins.
Preloading 0 native plugins for Editor in 0.00 ms.
Invoked RoslynAnalysisRunner static constructor.
RoslynAnalysisRunner will not be running.
RoslynAnalysisRunner has terminated.
Mono: successfully reloaded assembly
- Completed reload, in  0.740 seconds
Platform modules already initialized, skipping
Refreshing native plugins compatible for Editor in 0.21 ms, found 0 plugins.
Preloading 0 native plugins for Editor in 0.00 ms.
Unloading 1192 Unused Serialized files (Serialized files now loaded: 0)
System memory in use before: 61.1 MB.
System memory in use after: 61.2 MB.

Unloading 4 unused Assets to reduce memory usage. Loaded Objects now: 1670.
Total: 2.917300 ms (FindLiveObjects: 0.257500 ms CreateObjectMapping: 0.078900 ms MarkObjects: 2.554700 ms  DeleteObjects: 0.023800 ms)

========================================================================
Received Prepare
Registering precompiled user dll's ...
Registered in 0.000504 seconds.
Begin MonoManager ReloadAssembly
Native extension for WindowsStandalone target not found
Refreshing native plugins compatible for Editor in 0.21 ms, found 0 plugins.
Preloading 0 native plugins for Editor in 0.00 ms.
Invoked RoslynAnalysisRunner static constructor.
RoslynAnalysisRunner will not be running.
RoslynAnalysisRunner has terminated.
Mono: successfully reloaded assembly
- Completed reload, in  0.716 seconds
Platform modules already initialized, skipping
Refreshing native plugins compatible for Editor in 0.24 ms, found 0 plugins.
Preloading 0 native plugins for Editor in 0.00 ms.
Unloading 1192 Unused Serialized files (Serialized files now loaded: 0)
System memory in use before: 61.3 MB.
System memory in use after: 61.4 MB.

Unloading 4 unused Assets to reduce memory usage. Loaded Objects now: 1672.
Total: 2.224900 ms (FindLiveObjects: 0.346300 ms CreateObjectMapping: 0.062900 ms MarkObjects: 1.789600 ms  DeleteObjects: 0.024700 ms)

========================================================================
Received Prepare
Registering precompiled user dll's ...
Registered in 0.000698 seconds.
Begin MonoManager ReloadAssembly
Native extension for WindowsStandalone target not found
Refreshing native plugins compatible for Editor in 0.21 ms, found 0 plugins.
Preloading 0 native plugins for Editor in 0.00 ms.
Invoked RoslynAnalysisRunner static constructor.
RoslynAnalysisRunner will not be running.
RoslynAnalysisRunner has terminated.
Mono: successfully reloaded assembly
- Completed reload, in  0.712 seconds
Platform modules already initialized, skipping
Refreshing native plugins compatible for Editor in 0.32 ms, found 0 plugins.
Preloading 0 native plugins for Editor in 0.00 ms.
Unloading 1192 Unused Serialized files (Serialized files now loaded: 0)
System memory in use before: 61.4 MB.
System memory in use after: 61.5 MB.

Unloading 4 unused Assets to reduce memory usage. Loaded Objects now: 1674.
Total: 1.514900 ms (FindLiveObjects: 0.235400 ms CreateObjectMapping: 0.043700 ms MarkObjects: 1.223900 ms  DeleteObjects: 0.011100 ms)

========================================================================
Received Import Request.
  Time since last request: 947.909305 seconds.
  path: Assets/Buildings/Scripts/BuildingNodeUI.cs
  artifactKey: Guid(a270f4555c8f37f42a0bb40484cd1db2) Importer(815301076,1909f56bfc062723c751e8b465ee728b)
Start importing Assets/Buildings/Scripts/BuildingNodeUI.cs using Guid(a270f4555c8f37f42a0bb40484cd1db2) Importer(815301076,1909f56bfc062723c751e8b465ee728b)  -> (artifact id: 'ed176b9871ed44ff408f51d4cc954325') in 0.004185 seconds
  Import took 0.006313 seconds .

========================================================================
Received Import Request.
  Time since last request: 0.008769 seconds.
  path: Assets/Buildings/Scripts/BuildingNodeUI.cs
  artifactKey: Guid(a270f4555c8f37f42a0bb40484cd1db2) Importer(815301076,1909f56bfc062723c751e8b465ee728b)
Start importing Assets/Buildings/Scripts/BuildingNodeUI.cs using Guid(a270f4555c8f37f42a0bb40484cd1db2) Importer(815301076,1909f56bfc062723c751e8b465ee728b)  -> (artifact id: 'ed176b9871ed44ff408f51d4cc954325') in 0.001495 seconds
  Import took 0.003485 seconds .

========================================================================
Received Import Request.
  Time since last request: 3.061986 seconds.
  path: Assets/Buildings/Prefabs/BuildingNode.prefab
  artifactKey: Guid(2e0a6dbc1e24b8c4587549b8ddc30ebd) Importer(815301076,1909f56bfc062723c751e8b465ee728b)
Start importing Assets/Buildings/Prefabs/BuildingNode.prefab using Guid(2e0a6dbc1e24b8c4587549b8ddc30ebd) Importer(815301076,1909f56bfc062723c751e8b465ee728b)  -> (artifact id: '2e4a5441dd8ab63651900cf7f9276a75') in 0.218001 seconds
  Import took 0.220127 seconds .

========================================================================
Received Prepare
Registering precompiled user dll's ...
Registered in 0.000598 seconds.
Begin MonoManager ReloadAssembly
Native extension for WindowsStandalone target not found
Refreshing native plugins compatible for Editor in 0.31 ms, found 0 plugins.
Preloading 0 native plugins for Editor in 0.00 ms.
Invoked RoslynAnalysisRunner static constructor.
RoslynAnalysisRunner will not be running.
RoslynAnalysisRunner has terminated.
Mono: successfully reloaded assembly
- Completed reload, in  0.757 seconds
Platform modules already initialized, skipping
Refreshing native plugins compatible for Editor in 0.25 ms, found 0 plugins.
Preloading 0 native plugins for Editor in 0.00 ms.
Unloading 1192 Unused Serialized files (Serialized files now loaded: 0)
System memory in use before: 61.9 MB.
System memory in use after: 62.0 MB.

Unloading 4 unused Assets to reduce memory usage. Loaded Objects now: 1676.
Total: 1.606200 ms (FindLiveObjects: 0.132400 ms CreateObjectMapping: 0.034600 ms MarkObjects: 1.427700 ms  DeleteObjects: 0.010700 ms)

========================================================================
Received Prepare
Registering precompiled user dll's ...
Registered in 0.006298 seconds.
Begin MonoManager ReloadAssembly
Native extension for WindowsStandalone target not found
Refreshing native plugins compatible for Editor in 0.21 ms, found 0 plugins.
Preloading 0 native plugins for Editor in 0.00 ms.
Invoked RoslynAnalysisRunner static constructor.
RoslynAnalysisRunner will not be running.
RoslynAnalysisRunner has terminated.
Mono: successfully reloaded assembly
- Completed reload, in  0.718 seconds
Platform modules already initialized, skipping
Refreshing native plugins compatible for Editor in 0.25 ms, found 0 plugins.
Preloading 0 native plugins for Editor in 0.00 ms.
Unloading 1192 Unused Serialized files (Serialized files now loaded: 0)
System memory in use before: 62.1 MB.
System memory in use after: 62.2 MB.

Unloading 4 unused Assets to reduce memory usage. Loaded Objects now: 1678.
Total: 1.725400 ms (FindLiveObjects: 0.163300 ms CreateObjectMapping: 0.045000 ms MarkObjects: 1.504200 ms  DeleteObjects: 0.011700 ms)

========================================================================
Received Prepare
Registering precompiled user dll's ...
Registered in 0.000545 seconds.
Begin MonoManager ReloadAssembly
Native extension for WindowsStandalone target not found
Refreshing native plugins compatible for Editor in 0.25 ms, found 0 plugins.
Preloading 0 native plugins for Editor in 0.00 ms.
Invoked RoslynAnalysisRunner static constructor.
RoslynAnalysisRunner will not be running.
RoslynAnalysisRunner has terminated.
Mono: successfully reloaded assembly
- Completed reload, in  0.698 seconds
Platform modules already initialized, skipping
Refreshing native plugins compatible for Editor in 0.24 ms, found 0 plugins.
Preloading 0 native plugins for Editor in 0.00 ms.
Unloading 1192 Unused Serialized files (Serialized files now loaded: 0)
System memory in use before: 62.2 MB.
System memory in use after: 62.3 MB.

Unloading 4 unused Assets to reduce memory usage. Loaded Objects now: 1680.
Total: 1.969500 ms (FindLiveObjects: 0.164900 ms CreateObjectMapping: 0.043700 ms MarkObjects: 1.742200 ms  DeleteObjects: 0.017200 ms)

========================================================================
Received Prepare
Registering precompiled user dll's ...
Registered in 0.000522 seconds.
Begin MonoManager ReloadAssembly
Native extension for WindowsStandalone target not found
Refreshing native plugins compatible for Editor in 0.30 ms, found 0 plugins.
Preloading 0 native plugins for Editor in 0.00 ms.
Invoked RoslynAnalysisRunner static constructor.
RoslynAnalysisRunner will not be running.
RoslynAnalysisRunner has terminated.
Mono: successfully reloaded assembly
- Completed reload, in  0.755 seconds
Platform modules already initialized, skipping
Refreshing native plugins compatible for Editor in 0.21 ms, found 0 plugins.
Preloading 0 native plugins for Editor in 0.00 ms.
Unloading 1192 Unused Serialized files (Serialized files now loaded: 0)
System memory in use before: 62.3 MB.
System memory in use after: 62.4 MB.

Unloading 4 unused Assets to reduce memory usage. Loaded Objects now: 1682.
Total: 1.728200 ms (FindLiveObjects: 0.173600 ms CreateObjectMapping: 0.046100 ms MarkObjects: 1.493500 ms  DeleteObjects: 0.013900 ms)

========================================================================
Received Prepare
Registering precompiled user dll's ...
Registered in 0.000488 seconds.
Begin MonoManager ReloadAssembly
Native extension for WindowsStandalone target not found
Refreshing native plugins compatible for Editor in 0.21 ms, found 0 plugins.
Preloading 0 native plugins for Editor in 0.00 ms.
Invoked RoslynAnalysisRunner static constructor.
RoslynAnalysisRunner will not be running.
RoslynAnalysisRunner has terminated.
Mono: successfully reloaded assembly
- Completed reload, in  0.748 seconds
Platform modules already initialized, skipping
Refreshing native plugins compatible for Editor in 0.22 ms, found 0 plugins.
Preloading 0 native plugins for Editor in 0.00 ms.
Unloading 1192 Unused Serialized files (Serialized files now loaded: 0)
System memory in use before: 61.5 MB.
System memory in use after: 61.6 MB.

Unloading 4 unused Assets to reduce memory usage. Loaded Objects now: 1684.
Total: 1.549300 ms (FindLiveObjects: 0.131000 ms CreateObjectMapping: 0.034900 ms MarkObjects: 1.371500 ms  DeleteObjects: 0.011000 ms)

========================================================================
Received Prepare
Registering precompiled user dll's ...
Registered in 0.000501 seconds.
Begin MonoManager ReloadAssembly
Native extension for WindowsStandalone target not found
Refreshing native plugins compatible for Editor in 0.21 ms, found 0 plugins.
Preloading 0 native plugins for Editor in 0.00 ms.
Invoked RoslynAnalysisRunner static constructor.
RoslynAnalysisRunner will not be running.
RoslynAnalysisRunner has terminated.
Mono: successfully reloaded assembly
- Completed reload, in  0.743 seconds
Platform modules already initialized, skipping
Refreshing native plugins compatible for Editor in 0.21 ms, found 0 plugins.
Preloading 0 native plugins for Editor in 0.00 ms.
Unloading 1192 Unused Serialized files (Serialized files now loaded: 0)
System memory in use before: 61.6 MB.
System memory in use after: 61.7 MB.

Unloading 4 unused Assets to reduce memory usage. Loaded Objects now: 1686.
Total: 1.626100 ms (FindLiveObjects: 0.184300 ms CreateObjectMapping: 0.044600 ms MarkObjects: 1.384300 ms  DeleteObjects: 0.011900 ms)

========================================================================
Received Prepare
Registering precompiled user dll's ...
Registered in 0.000679 seconds.
Begin MonoManager ReloadAssembly
Native extension for WindowsStandalone target not found
Refreshing native plugins compatible for Editor in 0.21 ms, found 0 plugins.
Preloading 0 native plugins for Editor in 0.00 ms.
Invoked RoslynAnalysisRunner static constructor.
RoslynAnalysisRunner will not be running.
RoslynAnalysisRunner has terminated.
Mono: successfully reloaded assembly
- Completed reload, in  0.714 seconds
Platform modules already initialized, skipping
Refreshing native plugins compatible for Editor in 0.23 ms, found 0 plugins.
Preloading 0 native plugins for Editor in 0.00 ms.
Unloading 1192 Unused Serialized files (Serialized files now loaded: 0)
System memory in use before: 61.8 MB.
System memory in use after: 61.9 MB.

Unloading 4 unused Assets to reduce memory usage. Loaded Objects now: 1688.
Total: 2.085800 ms (FindLiveObjects: 0.245300 ms CreateObjectMapping: 0.083300 ms MarkObjects: 1.739200 ms  DeleteObjects: 0.016900 ms)

========================================================================
Received Prepare
Registering precompiled user dll's ...
Registered in 0.001201 seconds.
Begin MonoManager ReloadAssembly
Native extension for WindowsStandalone target not found
Refreshing native plugins compatible for Editor in 0.21 ms, found 0 plugins.
Preloading 0 native plugins for Editor in 0.00 ms.
Invoked RoslynAnalysisRunner static constructor.
RoslynAnalysisRunner will not be running.
RoslynAnalysisRunner has terminated.
Mono: successfully reloaded assembly
- Completed reload, in  0.751 seconds
Platform modules already initialized, skipping
Refreshing native plugins compatible for Editor in 0.22 ms, found 0 plugins.
Preloading 0 native plugins for Editor in 0.00 ms.
Unloading 1192 Unused Serialized files (Serialized files now loaded: 0)
System memory in use before: 61.9 MB.
System memory in use after: 62.0 MB.

Unloading 4 unused Assets to reduce memory usage. Loaded Objects now: 1690.
Total: 1.664300 ms (FindLiveObjects: 0.214100 ms CreateObjectMapping: 0.059300 ms MarkObjects: 1.375000 ms  DeleteObjects: 0.014500 ms)

========================================================================
Received Prepare
Registering precompiled user dll's ...
Registered in 0.000535 seconds.
Begin MonoManager ReloadAssembly
Native extension for WindowsStandalone target not found
Refreshing native plugins compatible for Editor in 0.21 ms, found 0 plugins.
Preloading 0 native plugins for Editor in 0.00 ms.
Invoked RoslynAnalysisRunner static constructor.
RoslynAnalysisRunner will not be running.
RoslynAnalysisRunner has terminated.
Mono: successfully reloaded assembly
- Completed reload, in  0.696 seconds
Platform modules already initialized, skipping
Refreshing native plugins compatible for Editor in 0.21 ms, found 0 plugins.
Preloading 0 native plugins for Editor in 0.00 ms.
Unloading 1192 Unused Serialized files (Serialized files now loaded: 0)
System memory in use before: 62.1 MB.
System memory in use after: 62.2 MB.

Unloading 4 unused Assets to reduce memory usage. Loaded Objects now: 1692.
Total: 1.643600 ms (FindLiveObjects: 0.132800 ms CreateObjectMapping: 0.038400 ms MarkObjects: 1.460900 ms  DeleteObjects: 0.010900 ms)

========================================================================
Received Prepare
Registering precompiled user dll's ...
Registered in 0.000907 seconds.
Begin MonoManager ReloadAssembly
Native extension for WindowsStandalone target not found
Refreshing native plugins compatible for Editor in 0.21 ms, found 0 plugins.
Preloading 0 native plugins for Editor in 0.00 ms.
Invoked RoslynAnalysisRunner static constructor.
RoslynAnalysisRunner will not be running.
RoslynAnalysisRunner has terminated.
Mono: successfully reloaded assembly
- Completed reload, in  0.707 seconds
Platform modules already initialized, skipping
Refreshing native plugins compatible for Editor in 0.21 ms, found 0 plugins.
Preloading 0 native plugins for Editor in 0.00 ms.
Unloading 1192 Unused Serialized files (Serialized files now loaded: 0)
System memory in use before: 62.2 MB.
System memory in use after: 62.3 MB.

Unloading 4 unused Assets to reduce memory usage. Loaded Objects now: 1694.
Total: 1.537800 ms (FindLiveObjects: 0.194400 ms CreateObjectMapping: 0.049800 ms MarkObjects: 1.277800 ms  DeleteObjects: 0.013700 ms)

========================================================================
Received Prepare
Registering precompiled user dll's ...
Registered in 0.000785 seconds.
Begin MonoManager ReloadAssembly
Native extension for WindowsStandalone target not found
Refreshing native plugins compatible for Editor in 0.22 ms, found 0 plugins.
Preloading 0 native plugins for Editor in 0.00 ms.
Invoked RoslynAnalysisRunner static constructor.
RoslynAnalysisRunner will not be running.
RoslynAnalysisRunner has terminated.
Mono: successfully reloaded assembly
- Completed reload, in  0.706 seconds
Platform modules already initialized, skipping
Refreshing native plugins compatible for Editor in 0.23 ms, found 0 plugins.
Preloading 0 native plugins for Editor in 0.00 ms.
Unloading 1192 Unused Serialized files (Serialized files now loaded: 0)
System memory in use before: 62.4 MB.
System memory in use after: 62.5 MB.

Unloading 4 unused Assets to reduce memory usage. Loaded Objects now: 1696.
Total: 1.541500 ms (FindLiveObjects: 0.129800 ms CreateObjectMapping: 0.038300 ms MarkObjects: 1.361200 ms  DeleteObjects: 0.011500 ms)

========================================================================
Received Prepare
Registering precompiled user dll's ...
Registered in 0.000523 seconds.
Begin MonoManager ReloadAssembly
Native extension for WindowsStandalone target not found
Refreshing native plugins compatible for Editor in 0.21 ms, found 0 plugins.
Preloading 0 native plugins for Editor in 0.00 ms.
Invoked RoslynAnalysisRunner static constructor.
RoslynAnalysisRunner will not be running.
RoslynAnalysisRunner has terminated.
Mono: successfully reloaded assembly
- Completed reload, in  0.733 seconds
Platform modules already initialized, skipping
Refreshing native plugins compatible for Editor in 0.21 ms, found 0 plugins.
Preloading 0 native plugins for Editor in 0.00 ms.
Unloading 1192 Unused Serialized files (Serialized files now loaded: 0)
System memory in use before: 61.5 MB.
System memory in use after: 61.6 MB.

Unloading 4 unused Assets to reduce memory usage. Loaded Objects now: 1698.
Total: 4.364900 ms (FindLiveObjects: 0.465900 ms CreateObjectMapping: 0.208500 ms MarkObjects: 3.653200 ms  DeleteObjects: 0.034600 ms)

========================================================================
Received Prepare
Registering precompiled user dll's ...
Registered in 0.001414 seconds.
Begin MonoManager ReloadAssembly
Native extension for WindowsStandalone target not found
Refreshing native plugins compatible for Editor in 0.21 ms, found 0 plugins.
Preloading 0 native plugins for Editor in 0.00 ms.
Invoked RoslynAnalysisRunner static constructor.
RoslynAnalysisRunner will not be running.
RoslynAnalysisRunner has terminated.
Mono: successfully reloaded assembly
- Completed reload, in  0.699 seconds
Platform modules already initialized, skipping
Refreshing native plugins compatible for Editor in 0.21 ms, found 0 plugins.
Preloading 0 native plugins for Editor in 0.00 ms.
Unloading 1192 Unused Serialized files (Serialized files now loaded: 0)
System memory in use before: 61.7 MB.
System memory in use after: 61.8 MB.

Unloading 4 unused Assets to reduce memory usage. Loaded Objects now: 1700.
Total: 4.061500 ms (FindLiveObjects: 0.293100 ms CreateObjectMapping: 0.096700 ms MarkObjects: 3.636600 ms  DeleteObjects: 0.032300 ms)

========================================================================
Received Prepare
Registering precompiled user dll's ...
Registered in 0.001583 seconds.
Begin MonoManager ReloadAssembly
Native extension for WindowsStandalone target not found
Refreshing native plugins compatible for Editor in 0.21 ms, found 0 plugins.
Preloading 0 native plugins for Editor in 0.00 ms.
Invoked RoslynAnalysisRunner static constructor.
RoslynAnalysisRunner will not be running.
RoslynAnalysisRunner has terminated.
Mono: successfully reloaded assembly
- Completed reload, in  0.684 seconds
Platform modules already initialized, skipping
Refreshing native plugins compatible for Editor in 0.21 ms, found 0 plugins.
Preloading 0 native plugins for Editor in 0.00 ms.
Unloading 1192 Unused Serialized files (Serialized files now loaded: 0)
System memory in use before: 61.8 MB.
System memory in use after: 61.9 MB.

Unloading 4 unused Assets to reduce memory usage. Loaded Objects now: 1702.
Total: 4.335700 ms (FindLiveObjects: 0.334400 ms CreateObjectMapping: 0.121100 ms MarkObjects: 3.842400 ms  DeleteObjects: 0.035100 ms)

========================================================================
Received Prepare
Registering precompiled user dll's ...
Registered in 0.000713 seconds.
Begin MonoManager ReloadAssembly
Native extension for WindowsStandalone target not found
Refreshing native plugins compatible for Editor in 0.27 ms, found 0 plugins.
Preloading 0 native plugins for Editor in 0.00 ms.
Invoked RoslynAnalysisRunner static constructor.
RoslynAnalysisRunner will not be running.
RoslynAnalysisRunner has terminated.
Mono: successfully reloaded assembly
- Completed reload, in  0.731 seconds
Platform modules already initialized, skipping
Refreshing native plugins compatible for Editor in 0.61 ms, found 0 plugins.
Preloading 0 native plugins for Editor in 0.00 ms.
Unloading 1192 Unused Serialized files (Serialized files now loaded: 0)
System memory in use before: 62.0 MB.
System memory in use after: 62.1 MB.

Unloading 4 unused Assets to reduce memory usage. Loaded Objects now: 1704.
Total: 1.638000 ms (FindLiveObjects: 0.160400 ms CreateObjectMapping: 0.043300 ms MarkObjects: 1.418900 ms  DeleteObjects: 0.014400 ms)

========================================================================
Received Prepare
Registering precompiled user dll's ...
Registered in 0.000501 seconds.
Begin MonoManager ReloadAssembly
Native extension for WindowsStandalone target not found
Refreshing native plugins compatible for Editor in 0.21 ms, found 0 plugins.
Preloading 0 native plugins for Editor in 0.00 ms.
Invoked RoslynAnalysisRunner static constructor.
RoslynAnalysisRunner will not be running.
RoslynAnalysisRunner has terminated.
Mono: successfully reloaded assembly
- Completed reload, in  0.710 seconds
Platform modules already initialized, skipping
Refreshing native plugins compatible for Editor in 0.22 ms, found 0 plugins.
Preloading 0 native plugins for Editor in 0.00 ms.
Unloading 1192 Unused Serialized files (Serialized files now loaded: 0)
System memory in use before: 62.1 MB.
System memory in use after: 62.2 MB.

Unloading 4 unused Assets to reduce memory usage. Loaded Objects now: 1706.
Total: 1.703500 ms (FindLiveObjects: 0.266800 ms CreateObjectMapping: 0.099100 ms MarkObjects: 1.322200 ms  DeleteObjects: 0.014400 ms)

========================================================================
Received Prepare
Registering precompiled user dll's ...
Registered in 0.000653 seconds.
Begin MonoManager ReloadAssembly
Native extension for WindowsStandalone target not found
Refreshing native plugins compatible for Editor in 0.22 ms, found 0 plugins.
Preloading 0 native plugins for Editor in 0.00 ms.
Invoked RoslynAnalysisRunner static constructor.
RoslynAnalysisRunner will not be running.
RoslynAnalysisRunner has terminated.
Mono: successfully reloaded assembly
- Completed reload, in  0.743 seconds
Platform modules already initialized, skipping
Refreshing native plugins compatible for Editor in 0.46 ms, found 0 plugins.
Preloading 0 native plugins for Editor in 0.00 ms.
Unloading 1192 Unused Serialized files (Serialized files now loaded: 0)
System memory in use before: 62.3 MB.
System memory in use after: 62.4 MB.

Unloading 4 unused Assets to reduce memory usage. Loaded Objects now: 1708.
Total: 2.935900 ms (FindLiveObjects: 0.318500 ms CreateObjectMapping: 0.085300 ms MarkObjects: 2.515400 ms  DeleteObjects: 0.014700 ms)

========================================================================
Received Prepare
Registering precompiled user dll's ...
Registered in 0.000475 seconds.
Begin MonoManager ReloadAssembly
Native extension for WindowsStandalone target not found
Refreshing native plugins compatible for Editor in 0.21 ms, found 0 plugins.
Preloading 0 native plugins for Editor in 0.00 ms.
Invoked RoslynAnalysisRunner static constructor.
RoslynAnalysisRunner will not be running.
RoslynAnalysisRunner has terminated.
Mono: successfully reloaded assembly
- Completed reload, in  0.716 seconds
Platform modules already initialized, skipping
Refreshing native plugins compatible for Editor in 0.22 ms, found 0 plugins.
Preloading 0 native plugins for Editor in 0.00 ms.
Unloading 1192 Unused Serialized files (Serialized files now loaded: 0)
System memory in use before: 62.4 MB.
System memory in use after: 62.5 MB.

Unloading 4 unused Assets to reduce memory usage. Loaded Objects now: 1710.
Total: 1.474700 ms (FindLiveObjects: 0.163700 ms CreateObjectMapping: 0.048400 ms MarkObjects: 1.248600 ms  DeleteObjects: 0.012700 ms)

========================================================================
Received Prepare
Registering precompiled user dll's ...
Registered in 0.000594 seconds.
Begin MonoManager ReloadAssembly
Native extension for WindowsStandalone target not found
Refreshing native plugins compatible for Editor in 0.22 ms, found 0 plugins.
Preloading 0 native plugins for Editor in 0.00 ms.
Invoked RoslynAnalysisRunner static constructor.
RoslynAnalysisRunner will not be running.
RoslynAnalysisRunner has terminated.
Mono: successfully reloaded assembly
- Completed reload, in  0.778 seconds
Platform modules already initialized, skipping
Refreshing native plugins compatible for Editor in 0.23 ms, found 0 plugins.
Preloading 0 native plugins for Editor in 0.00 ms.
Unloading 1192 Unused Serialized files (Serialized files now loaded: 0)
System memory in use before: 61.6 MB.
System memory in use after: 61.7 MB.

Unloading 4 unused Assets to reduce memory usage. Loaded Objects now: 1712.
Total: 1.580300 ms (FindLiveObjects: 0.200000 ms CreateObjectMapping: 0.051900 ms MarkObjects: 1.314200 ms  DeleteObjects: 0.013100 ms)

========================================================================
Received Prepare
Registering precompiled user dll's ...
Registered in 0.000532 seconds.
Begin MonoManager ReloadAssembly
Native extension for WindowsStandalone target not found
Refreshing native plugins compatible for Editor in 0.21 ms, found 0 plugins.
Preloading 0 native plugins for Editor in 0.00 ms.
Invoked RoslynAnalysisRunner static constructor.
RoslynAnalysisRunner will not be running.
RoslynAnalysisRunner has terminated.
Mono: successfully reloaded assembly
- Completed reload, in  0.718 seconds
Platform modules already initialized, skipping
Refreshing native plugins compatible for Editor in 0.22 ms, found 0 plugins.
Preloading 0 native plugins for Editor in 0.00 ms.
Unloading 1192 Unused Serialized files (Serialized files now loaded: 0)
System memory in use before: 61.7 MB.
System memory in use after: 61.8 MB.

Unloading 4 unused Assets to reduce memory usage. Loaded Objects now: 1714.
Total: 3.744300 ms (FindLiveObjects: 0.417000 ms CreateObjectMapping: 0.133900 ms MarkObjects: 3.161700 ms  DeleteObjects: 0.029400 ms)

========================================================================
Received Prepare
Registering precompiled user dll's ...
Registered in 0.000574 seconds.
Begin MonoManager ReloadAssembly
Native extension for WindowsStandalone target not found
Refreshing native plugins compatible for Editor in 0.22 ms, found 0 plugins.
Preloading 0 native plugins for Editor in 0.00 ms.
Invoked RoslynAnalysisRunner static constructor.
RoslynAnalysisRunner will not be running.
RoslynAnalysisRunner has terminated.
Mono: successfully reloaded assembly
- Completed reload, in  0.755 seconds
Platform modules already initialized, skipping
Refreshing native plugins compatible for Editor in 0.21 ms, found 0 plugins.
Preloading 0 native plugins for Editor in 0.00 ms.
Unloading 1192 Unused Serialized files (Serialized files now loaded: 0)
System memory in use before: 61.9 MB.
System memory in use after: 62.0 MB.

Unloading 4 unused Assets to reduce memory usage. Loaded Objects now: 1716.
Total: 4.072100 ms (FindLiveObjects: 0.448900 ms CreateObjectMapping: 0.106900 ms MarkObjects: 3.483700 ms  DeleteObjects: 0.030100 ms)

========================================================================
Received Import Request.
  Time since last request: 3077.519814 seconds.
  path: Assets/Hunts/Scripts/Hunt.cs
  artifactKey: Guid(82a8b53f6a548eb4887315a54e859446) Importer(815301076,1909f56bfc062723c751e8b465ee728b)
Start importing Assets/Hunts/Scripts/Hunt.cs using Guid(82a8b53f6a548eb4887315a54e859446) Importer(815301076,1909f56bfc062723c751e8b465ee728b)  -> (artifact id: 'f06d4c0c4f122362588dd125ef9a5095') in 0.003893 seconds
  Import took 0.006205 seconds .

========================================================================
Received Import Request.
  Time since last request: 0.002245 seconds.
  path: Assets/Hunts/Scripts/Hunt.cs
  artifactKey: Guid(82a8b53f6a548eb4887315a54e859446) Importer(815301076,1909f56bfc062723c751e8b465ee728b)
Start importing Assets/Hunts/Scripts/Hunt.cs using Guid(82a8b53f6a548eb4887315a54e859446) Importer(815301076,1909f56bfc062723c751e8b465ee728b)  -> (artifact id: 'f06d4c0c4f122362588dd125ef9a5095') in 0.001656 seconds
  Import took 0.004149 seconds .

========================================================================
Received Prepare
Registering precompiled user dll's ...
Registered in 0.000592 seconds.
Begin MonoManager ReloadAssembly
Native extension for WindowsStandalone target not found
Refreshing native plugins compatible for Editor in 0.21 ms, found 0 plugins.
Preloading 0 native plugins for Editor in 0.00 ms.
Invoked RoslynAnalysisRunner static constructor.
RoslynAnalysisRunner will not be running.
RoslynAnalysisRunner has terminated.
Mono: successfully reloaded assembly
- Completed reload, in  0.727 seconds
Platform modules already initialized, skipping
Refreshing native plugins compatible for Editor in 0.21 ms, found 0 plugins.
Preloading 0 native plugins for Editor in 0.00 ms.
Unloading 1192 Unused Serialized files (Serialized files now loaded: 0)
System memory in use before: 62.0 MB.
System memory in use after: 62.1 MB.

Unloading 4 unused Assets to reduce memory usage. Loaded Objects now: 1718.
Total: 1.528800 ms (FindLiveObjects: 0.197700 ms CreateObjectMapping: 0.048800 ms MarkObjects: 1.270800 ms  DeleteObjects: 0.010600 ms)

========================================================================
Received Import Request.
  Time since last request: 34.491828 seconds.
  path: Assets/Hunts/Scripts/Hunt.cs
  artifactKey: Guid(82a8b53f6a548eb4887315a54e859446) Importer(815301076,1909f56bfc062723c751e8b465ee728b)
Start importing Assets/Hunts/Scripts/Hunt.cs using Guid(82a8b53f6a548eb4887315a54e859446) Importer(815301076,1909f56bfc062723c751e8b465ee728b)  -> (artifact id: '0d20b65c495cfebe9b421a66da9455b7') in 0.007021 seconds
  Import took 0.010900 seconds .

========================================================================
Received Import Request.
  Time since last request: 4.064905 seconds.
  path: Assets/Military/Scripts/Troop.cs
  artifactKey: Guid(03d039d9bd1e39e40815a5e3058775c0) Importer(815301076,1909f56bfc062723c751e8b465ee728b)
Start importing Assets/Military/Scripts/Troop.cs using Guid(03d039d9bd1e39e40815a5e3058775c0) Importer(815301076,1909f56bfc062723c751e8b465ee728b)  -> (artifact id: '97107c5459e4355316f77cc6ed979138') in 0.001483 seconds
  Import took 0.003668 seconds .

========================================================================
Received Import Request.
  Time since last request: 0.003044 seconds.
  path: Assets/Military/Scripts/Troop.cs
  artifactKey: Guid(03d039d9bd1e39e40815a5e3058775c0) Importer(815301076,1909f56bfc062723c751e8b465ee728b)
Start importing Assets/Military/Scripts/Troop.cs using Guid(03d039d9bd1e39e40815a5e3058775c0) Importer(815301076,1909f56bfc062723c751e8b465ee728b)  -> (artifact id: '97107c5459e4355316f77cc6ed979138') in 0.002328 seconds
  Import took 0.004307 seconds .

========================================================================
Received Prepare
Registering precompiled user dll's ...
Registered in 0.000456 seconds.
Begin MonoManager ReloadAssembly
Native extension for WindowsStandalone target not found
Refreshing native plugins compatible for Editor in 0.21 ms, found 0 plugins.
Preloading 0 native plugins for Editor in 0.00 ms.
Invoked RoslynAnalysisRunner static constructor.
RoslynAnalysisRunner will not be running.
RoslynAnalysisRunner has terminated.
Mono: successfully reloaded assembly
- Completed reload, in  0.702 seconds
Platform modules already initialized, skipping
Refreshing native plugins compatible for Editor in 0.37 ms, found 0 plugins.
Preloading 0 native plugins for Editor in 0.00 ms.
Unloading 1192 Unused Serialized files (Serialized files now loaded: 0)
System memory in use before: 62.2 MB.
System memory in use after: 62.3 MB.

Unloading 4 unused Assets to reduce memory usage. Loaded Objects now: 1720.
Total: 1.697400 ms (FindLiveObjects: 0.278400 ms CreateObjectMapping: 0.097200 ms MarkObjects: 1.308100 ms  DeleteObjects: 0.012300 ms)

========================================================================
Received Import Request.
  Time since last request: 32.760104 seconds.
  path: Assets/Military/Scripts/Troop.cs
  artifactKey: Guid(03d039d9bd1e39e40815a5e3058775c0) Importer(815301076,1909f56bfc062723c751e8b465ee728b)
Start importing Assets/Military/Scripts/Troop.cs using Guid(03d039d9bd1e39e40815a5e3058775c0) Importer(815301076,1909f56bfc062723c751e8b465ee728b)  -> (artifact id: 'e448c24f57d834b437ed272de16679fa') in 0.002825 seconds
  Import took 0.004449 seconds .

========================================================================
Received Import Request.
  Time since last request: 305.408111 seconds.
  path: Assets/Hunts/Scripts
  artifactKey: Guid(ac39ed0562fc04f4fb8ae7b1284cc6b2) Importer(815301076,1909f56bfc062723c751e8b465ee728b)
Start importing Assets/Hunts/Scripts using Guid(ac39ed0562fc04f4fb8ae7b1284cc6b2) Importer(815301076,1909f56bfc062723c751e8b465ee728b)  -> (artifact id: '716642a04049ea26542bd48f50ffc069') in 0.001410 seconds
  Import took 0.003489 seconds .

========================================================================
Received Import Request.
  Time since last request: 0.001198 seconds.
  path: Assets/Hunts/Scripts
  artifactKey: Guid(ac39ed0562fc04f4fb8ae7b1284cc6b2) Importer(815301076,1909f56bfc062723c751e8b465ee728b)
Start importing Assets/Hunts/Scripts using Guid(ac39ed0562fc04f4fb8ae7b1284cc6b2) Importer(815301076,1909f56bfc062723c751e8b465ee728b)  -> (artifact id: '716642a04049ea26542bd48f50ffc069') in 0.001482 seconds
  Import took 0.003663 seconds .

========================================================================
Received Import Request.
  Time since last request: 9.098636 seconds.
  path: Assets/Hunts/Scripts/HuntToolTip.cs
  artifactKey: Guid(1afa0332b262bd64eb2acdb51070a80d) Importer(815301076,1909f56bfc062723c751e8b465ee728b)
Start importing Assets/Hunts/Scripts/HuntToolTip.cs using Guid(1afa0332b262bd64eb2acdb51070a80d) Importer(815301076,1909f56bfc062723c751e8b465ee728b)  -> (artifact id: '5a716a109172b377e9584ae9040feef1') in 0.004145 seconds
  Import took 0.007028 seconds .

========================================================================
Received Prepare
Registering precompiled user dll's ...
Registered in 0.000929 seconds.
Begin MonoManager ReloadAssembly
Native extension for WindowsStandalone target not found
Refreshing native plugins compatible for Editor in 0.23 ms, found 0 plugins.
Preloading 0 native plugins for Editor in 0.00 ms.
Invoked RoslynAnalysisRunner static constructor.
RoslynAnalysisRunner will not be running.
RoslynAnalysisRunner has terminated.
Mono: successfully reloaded assembly
- Completed reload, in  0.825 seconds
Platform modules already initialized, skipping
Refreshing native plugins compatible for Editor in 0.23 ms, found 0 plugins.
Preloading 0 native plugins for Editor in 0.00 ms.
Unloading 1193 Unused Serialized files (Serialized files now loaded: 0)
System memory in use before: 62.3 MB.
System memory in use after: 62.4 MB.

Unloading 4 unused Assets to reduce memory usage. Loaded Objects now: 1723.
Total: 1.436600 ms (FindLiveObjects: 0.145900 ms CreateObjectMapping: 0.043900 ms MarkObjects: 1.232000 ms  DeleteObjects: 0.013700 ms)

========================================================================
Received Prepare
Registering precompiled user dll's ...
Registered in 0.000494 seconds.
Begin MonoManager ReloadAssembly
Native extension for WindowsStandalone target not found
Refreshing native plugins compatible for Editor in 0.21 ms, found 0 plugins.
Preloading 0 native plugins for Editor in 0.00 ms.
Invoked RoslynAnalysisRunner static constructor.
RoslynAnalysisRunner will not be running.
RoslynAnalysisRunner has terminated.
Mono: successfully reloaded assembly
- Completed reload, in  0.760 seconds
Platform modules already initialized, skipping
Refreshing native plugins compatible for Editor in 0.40 ms, found 0 plugins.
Preloading 0 native plugins for Editor in 0.00 ms.
Unloading 1193 Unused Serialized files (Serialized files now loaded: 0)
System memory in use before: 62.5 MB.
System memory in use after: 62.6 MB.

Unloading 4 unused Assets to reduce memory usage. Loaded Objects now: 1725.
Total: 1.980100 ms (FindLiveObjects: 0.246200 ms CreateObjectMapping: 0.066700 ms MarkObjects: 1.643000 ms  DeleteObjects: 0.021900 ms)

========================================================================
Received Import Request.
  Time since last request: 444.349534 seconds.
  path: Assets/Hunts/Scripts/HuntToolTip.cs
  artifactKey: Guid(1afa0332b262bd64eb2acdb51070a80d) Importer(815301076,1909f56bfc062723c751e8b465ee728b)
Start importing Assets/Hunts/Scripts/HuntToolTip.cs using Guid(1afa0332b262bd64eb2acdb51070a80d) Importer(815301076,1909f56bfc062723c751e8b465ee728b)  -> (artifact id: '9ebcd0804df810be2caf397e01169ffb') in 0.003135 seconds
  Import took 0.004911 seconds .

========================================================================
Received Import Request.
  Time since last request: 0.938037 seconds.
  path: Assets/Military/Scripts
  artifactKey: Guid(53bd3c64d4211a04fb0f4260ff7c96b8) Importer(815301076,1909f56bfc062723c751e8b465ee728b)
Start importing Assets/Military/Scripts using Guid(53bd3c64d4211a04fb0f4260ff7c96b8) Importer(815301076,1909f56bfc062723c751e8b465ee728b)  -> (artifact id: 'b1a55e06a30232775ff436cf2b8faf1b') in 0.001224 seconds
  Import took 0.003177 seconds .

========================================================================
Received Import Request.
  Time since last request: 0.000964 seconds.
  path: Assets/Military/Scripts
  artifactKey: Guid(53bd3c64d4211a04fb0f4260ff7c96b8) Importer(815301076,1909f56bfc062723c751e8b465ee728b)
Start importing Assets/Military/Scripts using Guid(53bd3c64d4211a04fb0f4260ff7c96b8) Importer(815301076,1909f56bfc062723c751e8b465ee728b)  -> (artifact id: 'b1a55e06a30232775ff436cf2b8faf1b') in 0.001392 seconds
  Import took 0.004076 seconds .

========================================================================
Received Import Request.
  Time since last request: 9.308915 seconds.
  path: Assets/Military/Scripts/TroopToolTip.cs
  artifactKey: Guid(94e2b323de59cb84db74aca92164b63d) Importer(815301076,1909f56bfc062723c751e8b465ee728b)
Start importing Assets/Military/Scripts/TroopToolTip.cs using Guid(94e2b323de59cb84db74aca92164b63d) Importer(815301076,1909f56bfc062723c751e8b465ee728b)  -> (artifact id: '23efb2951e7d48ddb71397f0b5ba5ef0') in 0.003080 seconds
  Import took 0.004905 seconds .

========================================================================
Received Prepare
Registering precompiled user dll's ...
Registered in 0.000471 seconds.
Begin MonoManager ReloadAssembly
Native extension for WindowsStandalone target not found
Refreshing native plugins compatible for Editor in 0.21 ms, found 0 plugins.
Preloading 0 native plugins for Editor in 0.00 ms.
Invoked RoslynAnalysisRunner static constructor.
RoslynAnalysisRunner will not be running.
RoslynAnalysisRunner has terminated.
Mono: successfully reloaded assembly
- Completed reload, in  0.767 seconds
Platform modules already initialized, skipping
Refreshing native plugins compatible for Editor in 0.22 ms, found 0 plugins.
Preloading 0 native plugins for Editor in 0.00 ms.
Unloading 1194 Unused Serialized files (Serialized files now loaded: 0)
System memory in use before: 61.7 MB.
System memory in use after: 61.8 MB.

Unloading 4 unused Assets to reduce memory usage. Loaded Objects now: 1728.
Total: 3.797800 ms (FindLiveObjects: 0.356600 ms CreateObjectMapping: 0.120500 ms MarkObjects: 3.286100 ms  DeleteObjects: 0.032100 ms)

========================================================================
Received Import Request.
  Time since last request: 41.790071 seconds.
  path: Assets/Military/Scripts/TroopToolTip.cs
  artifactKey: Guid(94e2b323de59cb84db74aca92164b63d) Importer(815301076,1909f56bfc062723c751e8b465ee728b)
Start importing Assets/Military/Scripts/TroopToolTip.cs using Guid(94e2b323de59cb84db74aca92164b63d) Importer(815301076,1909f56bfc062723c751e8b465ee728b)  -> (artifact id: 'e7eeebf7e6abd71e5cda05787bc55426') in 0.004232 seconds
  Import took 0.007423 seconds .

========================================================================
Received Import Request.
  Time since last request: 8.370294 seconds.
  path: Assets/Military/Prefabs/TroopHolder.prefab
  artifactKey: Guid(0a1e3da814f02014fb854bac5c77c3f6) Importer(815301076,1909f56bfc062723c751e8b465ee728b)
Start importing Assets/Military/Prefabs/TroopHolder.prefab using Guid(0a1e3da814f02014fb854bac5c77c3f6) Importer(815301076,1909f56bfc062723c751e8b465ee728b)  -> (artifact id: '8bfbddcedd1d6728883db8657a040d16') in 0.206744 seconds
  Import took 0.209356 seconds .

========================================================================
Received Prepare
Registering precompiled user dll's ...
Registered in 0.000550 seconds.
Begin MonoManager ReloadAssembly
Native extension for WindowsStandalone target not found
Refreshing native plugins compatible for Editor in 0.23 ms, found 0 plugins.
Preloading 0 native plugins for Editor in 0.00 ms.
Invoked RoslynAnalysisRunner static constructor.
RoslynAnalysisRunner will not be running.
RoslynAnalysisRunner has terminated.
Mono: successfully reloaded assembly
- Completed reload, in  0.743 seconds
Platform modules already initialized, skipping
Refreshing native plugins compatible for Editor in 0.21 ms, found 0 plugins.
Preloading 0 native plugins for Editor in 0.00 ms.
Unloading 1193 Unused Serialized files (Serialized files now loaded: 0)
System memory in use before: 61.8 MB.
System memory in use after: 61.9 MB.

Unloading 5 unused Assets to reduce memory usage. Loaded Objects now: 1730.
Total: 3.883300 ms (FindLiveObjects: 0.309000 ms CreateObjectMapping: 0.102200 ms MarkObjects: 3.428700 ms  DeleteObjects: 0.040900 ms)

========================================================================
Received Import Request.
  Time since last request: 51.365303 seconds.
  path: Assets/Military/Scripts/TroopDatabase.cs
  artifactKey: Guid(15acbf359309fb84d9085628a9a408fd) Importer(815301076,1909f56bfc062723c751e8b465ee728b)
Start importing Assets/Military/Scripts/TroopDatabase.cs using Guid(15acbf359309fb84d9085628a9a408fd) Importer(815301076,1909f56bfc062723c751e8b465ee728b)  -> (artifact id: 'ae576fec3afa292eac3ed3e36dbb2532') in 0.003971 seconds
  Import took 0.006438 seconds .

========================================================================
Received Import Request.
  Time since last request: 0.002564 seconds.
  path: Assets/Military/Scripts/TroopDatabase.cs
  artifactKey: Guid(15acbf359309fb84d9085628a9a408fd) Importer(815301076,1909f56bfc062723c751e8b465ee728b)
Start importing Assets/Military/Scripts/TroopDatabase.cs using Guid(15acbf359309fb84d9085628a9a408fd) Importer(815301076,1909f56bfc062723c751e8b465ee728b)  -> (artifact id: 'ae576fec3afa292eac3ed3e36dbb2532') in 0.001350 seconds
  Import took 0.003451 seconds .

========================================================================
Received Prepare
Registering precompiled user dll's ...
Registered in 0.000557 seconds.
Begin MonoManager ReloadAssembly
Native extension for WindowsStandalone target not found
Refreshing native plugins compatible for Editor in 0.21 ms, found 0 plugins.
Preloading 0 native plugins for Editor in 0.00 ms.
Invoked RoslynAnalysisRunner static constructor.
RoslynAnalysisRunner will not be running.
RoslynAnalysisRunner has terminated.
Mono: successfully reloaded assembly
- Completed reload, in  0.797 seconds
Platform modules already initialized, skipping
Refreshing native plugins compatible for Editor in 0.26 ms, found 0 plugins.
Preloading 0 native plugins for Editor in 0.00 ms.
Unloading 1194 Unused Serialized files (Serialized files now loaded: 0)
System memory in use before: 62.1 MB.
System memory in use after: 62.2 MB.

Unloading 4 unused Assets to reduce memory usage. Loaded Objects now: 1732.
Total: 1.709900 ms (FindLiveObjects: 0.275200 ms CreateObjectMapping: 0.108200 ms MarkObjects: 1.311800 ms  DeleteObjects: 0.013500 ms)

========================================================================
Received Import Request.
  Time since last request: 112.482904 seconds.
  path: Assets/Military/Scripts/TroopToolTip.cs
  artifactKey: Guid(94e2b323de59cb84db74aca92164b63d) Importer(815301076,1909f56bfc062723c751e8b465ee728b)
Start importing Assets/Military/Scripts/TroopToolTip.cs using Guid(94e2b323de59cb84db74aca92164b63d) Importer(815301076,1909f56bfc062723c751e8b465ee728b)  -> (artifact id: '5007816bf2039ef26730178b5ec058e8') in 0.003358 seconds
  Import took 0.005114 seconds .

========================================================================
Received Import Request.
  Time since last request: 0.000718 seconds.
  path: Assets/Military/Scripts/TroopToolTip.cs
  artifactKey: Guid(94e2b323de59cb84db74aca92164b63d) Importer(815301076,1909f56bfc062723c751e8b465ee728b)
Start importing Assets/Military/Scripts/TroopToolTip.cs using Guid(94e2b323de59cb84db74aca92164b63d) Importer(815301076,1909f56bfc062723c751e8b465ee728b)  -> (artifact id: '5007816bf2039ef26730178b5ec058e8') in 0.001128 seconds
  Import took 0.002708 seconds .

========================================================================
Received Prepare
Registering precompiled user dll's ...
Registered in 0.000741 seconds.
Begin MonoManager ReloadAssembly
Native extension for WindowsStandalone target not found
Refreshing native plugins compatible for Editor in 0.24 ms, found 0 plugins.
Preloading 0 native plugins for Editor in 0.00 ms.
Invoked RoslynAnalysisRunner static constructor.
RoslynAnalysisRunner will not be running.
RoslynAnalysisRunner has terminated.
Mono: successfully reloaded assembly
- Completed reload, in  0.715 seconds
Platform modules already initialized, skipping
Refreshing native plugins compatible for Editor in 0.21 ms, found 0 plugins.
Preloading 0 native plugins for Editor in 0.00 ms.
Unloading 1193 Unused Serialized files (Serialized files now loaded: 0)
System memory in use before: 62.2 MB.
System memory in use after: 62.3 MB.

Unloading 4 unused Assets to reduce memory usage. Loaded Objects now: 1734.
Total: 1.805500 ms (FindLiveObjects: 0.201000 ms CreateObjectMapping: 0.050600 ms MarkObjects: 1.530200 ms  DeleteObjects: 0.022100 ms)

========================================================================
Received Import Request.
  Time since last request: 107.906508 seconds.
  path: Assets/Military/Scripts/TroopToolTip.cs
  artifactKey: Guid(94e2b323de59cb84db74aca92164b63d) Importer(815301076,1909f56bfc062723c751e8b465ee728b)
Start importing Assets/Military/Scripts/TroopToolTip.cs using Guid(94e2b323de59cb84db74aca92164b63d) Importer(815301076,1909f56bfc062723c751e8b465ee728b)  -> (artifact id: 'a80b1ea8969896836a2ef54753c5cae6') in 0.007070 seconds
  Import took 0.010449 seconds .

========================================================================
Received Import Request.
  Time since last request: 0.000764 seconds.
  path: Assets/Military/Scripts/TroopToolTip.cs
  artifactKey: Guid(94e2b323de59cb84db74aca92164b63d) Importer(815301076,1909f56bfc062723c751e8b465ee728b)
Start importing Assets/Military/Scripts/TroopToolTip.cs using Guid(94e2b323de59cb84db74aca92164b63d) Importer(815301076,1909f56bfc062723c751e8b465ee728b)  -> (artifact id: 'a80b1ea8969896836a2ef54753c5cae6') in 0.002038 seconds
  Import took 0.005219 seconds .

AssetImportWorkerClient::OnTransportError - code=2 error=End of file
